oct 29, 2023 9:53:59 A. M. com.example.examsplattaform.persistencia.ArchivoUtil guardarRegistroLog
INFORMACIÓN: inicioSesion,Inicio de sesion del usuario:pedro,2023-10-29
oct 29, 2023 9:59:30 A. M. com.example.examsplattaform.persistencia.ArchivoUtil guardarRegistroLog
INFORMACIÓN: inicioSesion,Inicio de sesion del usuario:pedro,2023-10-29
oct 29, 2023 10:50:40 A. M. com.example.examsplattaform.persistencia.ArchivoUtil guardarRegistroLog
INFORMACIÓN: inicioSesion,Inicio de sesion del usuario:pedro,2023-10-29
oct 29, 2023 10:52:40 A. M. com.example.examsplattaform.persistencia.ArchivoUtil guardarRegistroLog
INFORMACIÓN: inicioSesion,Inicio de sesion del usuario:pedro,2023-10-29
oct 29, 2023 10:53:56 A. M. com.example.examsplattaform.persistencia.ArchivoUtil guardarRegistroLog
INFORMACIÓN: inicioSesion,Inicio de sesion del usuario:pedro,2023-10-29
oct 29, 2023 10:56:35 A. M. com.example.examsplattaform.persistencia.ArchivoUtil guardarRegistroLog
INFORMACIÓN: inicioSesion,Inicio de sesion del usuario:pedro,2023-10-29
oct 29, 2023 11:00:18 A. M. com.example.examsplattaform.persistencia.ArchivoUtil guardarRegistroLog
INFORMACIÓN: inicioSesion,Inicio de sesion del usuario:pedro,2023-10-29
oct 29, 2023 11:02:46 A. M. com.example.examsplattaform.persistencia.ArchivoUtil guardarRegistroLog
INFORMACIÓN: inicioSesion,Inicio de sesion del usuario:pedro,2023-10-29
oct 29, 2023 11:04:13 A. M. com.example.examsplattaform.persistencia.ArchivoUtil guardarRegistroLog
INFORMACIÓN: inicioSesion,Inicio de sesion del usuario:pedro,2023-10-29
oct 29, 2023 11:04:33 A. M. com.example.examsplattaform.persistencia.ArchivoUtil guardarRegistroLog
INFORMACIÓN: inicioSesion,Inicio de sesion del usuario:pedro,2023-10-29
oct 29, 2023 11:04:55 A. M. com.example.examsplattaform.persistencia.ArchivoUtil guardarRegistroLog
INFORMACIÓN: inicioSesion,Inicio de sesion del usuario:pedro,2023-10-29
oct 29, 2023 11:05:09 A. M. com.example.examsplattaform.persistencia.ArchivoUtil guardarRegistroLog
INFORMACIÓN: inicioSesion,Inicio de sesion del usuario:pedro,2023-10-29
oct 29, 2023 11:05:27 A. M. com.example.examsplattaform.persistencia.ArchivoUtil guardarRegistroLog
INFORMACIÓN: inicioSesion,Inicio de sesion del usuario:pedro,2023-10-29
oct 29, 2023 11:18:47 A. M. com.example.examsplattaform.persistencia.ArchivoUtil guardarRegistroLog
INFORMACIÓN: inicioSesion,Inicio de sesion del usuario:pedro,2023-10-29
oct 29, 2023 11:59:45 A. M. com.example.examsplattaform.persistencia.ArchivoUtil guardarRegistroLog
INFORMACIÓN: inicioSesion,Inicio de sesion del usuario:pedro,2023-10-29
oct 29, 2023 3:09:47 P. M. com.example.examsplattaform.persistencia.ArchivoUtil guardarRegistroLog
INFORMACIÓN: inicioSesion,Inicio de sesion del usuario:pedro,2023-10-29
oct 29, 2023 3:44:04 P. M. com.example.examsplattaform.persistencia.ArchivoUtil guardarRegistroLog
INFORMACIÓN: inicioSesion,Inicio de sesion del usuario:pedro,2023-10-29
oct 29, 2023 3:44:26 P. M. com.example.examsplattaform.persistencia.ArchivoUtil guardarRegistroLog
INFORMACIÓN: inicioSesion,Inicio de sesion del usuario:pedro,2023-10-29
oct 29, 2023 3:49:45 P. M. com.example.examsplattaform.persistencia.ArchivoUtil guardarRegistroLog
INFORMACIÓN: inicioSesion,Inicio de sesion del usuario:pedro,2023-10-29
oct 29, 2023 3:55:03 P. M. com.example.examsplattaform.persistencia.ArchivoUtil guardarRegistroLog
INFORMACIÓN: inicioSesion,Inicio de sesion del usuario:pedro,2023-10-29
oct 29, 2023 4:00:49 P. M. com.example.examsplattaform.persistencia.ArchivoUtil guardarRegistroLog
INFORMACIÓN: inicioSesion,Inicio de sesion del usuario:pedro,2023-10-29
oct 29, 2023 4:02:59 P. M. com.example.examsplattaform.persistencia.ArchivoUtil guardarRegistroLog
INFORMACIÓN: inicioSesion,Inicio de sesion del usuario:pedro,2023-10-29
oct 29, 2023 4:03:19 P. M. com.example.examsplattaform.persistencia.ArchivoUtil guardarRegistroLog
INFORMACIÓN: inicioSesion,Inicio de sesion del usuario:pedro,2023-10-29
oct 30, 2023 11:20:18 A. M. com.example.examsplattaform.persistencia.ArchivoUtil guardarRegistroLog
INFORMACIÓN: inicioSesion,Inicio de sesion del usuario:pedro,2023-10-30
oct 31, 2023 5:18:40 P. M. com.example.examsplattaform.persistencia.ArchivoUtil guardarRegistroLog
INFORMACIÓN: inicioSesion,Inicio de sesion del usuario:pedro,2023-10-31
oct 31, 2023 5:20:44 P. M. com.example.examsplattaform.persistencia.ArchivoUtil guardarRegistroLog
INFORMACIÓN: inicioSesion,Inicio de sesion del usuario:pedro,2023-10-31
oct 31, 2023 5:24:28 P. M. com.example.examsplattaform.persistencia.ArchivoUtil guardarRegistroLog
INFORMACIÓN: inicioSesion,Inicio de sesion del usuario:pedro,2023-10-31
oct 31, 2023 5:29:29 P. M. com.example.examsplattaform.persistencia.ArchivoUtil guardarRegistroLog
INFORMACIÓN: inicioSesion,Inicio de sesion del usuario:pedro,2023-10-31
oct 31, 2023 5:31:49 P. M. com.example.examsplattaform.persistencia.ArchivoUtil guardarRegistroLog
INFORMACIÓN: inicioSesion,Inicio de sesion del usuario:pedro,2023-10-31
oct 31, 2023 5:33:52 P. M. com.example.examsplattaform.persistencia.ArchivoUtil guardarRegistroLog
INFORMACIÓN: inicioSesion,Inicio de sesion del usuario:pedro,2023-10-31
oct 31, 2023 5:34:28 P. M. com.example.examsplattaform.persistencia.ArchivoUtil guardarRegistroLog
INFORMACIÓN: inicioSesion,Inicio de sesion del usuario:pedro,2023-10-31
oct 31, 2023 5:36:18 P. M. com.example.examsplattaform.persistencia.ArchivoUtil guardarRegistroLog
INFORMACIÓN: inicioSesion,Inicio de sesion del usuario:pedro,2023-10-31
oct 31, 2023 5:38:51 P. M. com.example.examsplattaform.persistencia.ArchivoUtil guardarRegistroLog
INFORMACIÓN: inicioSesion,Inicio de sesion del usuario:pedro,2023-10-31
oct 31, 2023 5:40:29 P. M. com.example.examsplattaform.persistencia.ArchivoUtil guardarRegistroLog
INFORMACIÓN: inicioSesion,Inicio de sesion del usuario:pedro,2023-10-31
oct 31, 2023 5:44:42 P. M. com.example.examsplattaform.persistencia.ArchivoUtil guardarRegistroLog
INFORMACIÓN: inicioSesion,Inicio de sesion del usuario:pedro,2023-10-31
oct 31, 2023 5:55:08 P. M. com.example.examsplattaform.persistencia.ArchivoUtil guardarRegistroLog
INFORMACIÓN: inicioSesion,Inicio de sesion del usuario:pedro,2023-10-31
oct 31, 2023 5:57:24 P. M. com.example.examsplattaform.persistencia.ArchivoUtil guardarRegistroLog
INFORMACIÓN: inicioSesion,Inicio de sesion del usuario:pedro,2023-10-31
oct 31, 2023 5:59:35 P. M. com.example.examsplattaform.persistencia.ArchivoUtil guardarRegistroLog
INFORMACIÓN: inicioSesion,Inicio de sesion del usuario:pedro,2023-10-31
nov 02, 2023 8:13:53 A. M. com.example.examsplattaform.persistencia.ArchivoUtil guardarRegistroLog
INFORMACIÓN: inicioSesion,Inicio de sesion del usuario:pedro,2023-11-02
nov 02, 2023 8:14:29 A. M. com.example.examsplattaform.persistencia.ArchivoUtil guardarRegistroLog
INFORMACIÓN: inicioSesion,Inicio de sesion del usuario:pedro,2023-11-02
nov 02, 2023 8:25:08 A. M. com.example.examsplattaform.persistencia.ArchivoUtil guardarRegistroLog
INFORMACIÓN: inicioSesion,Inicio de sesion del usuario:pedro,2023-11-02
nov 02, 2023 8:26:57 A. M. com.example.examsplattaform.persistencia.ArchivoUtil guardarRegistroLog
INFORMACIÓN: inicioSesion,Inicio de sesion del usuario:pedro,2023-11-02
nov 02, 2023 8:27:20 A. M. com.example.examsplattaform.persistencia.ArchivoUtil guardarRegistroLog
INFORMACIÓN: inicioSesion,Inicio de sesion del usuario:pedro,2023-11-02
nov 02, 2023 8:44:20 A. M. com.example.examsplattaform.persistencia.ArchivoUtil guardarRegistroLog
INFORMACIÓN: inicioSesion,Inicio de sesion del usuario:pedro,2023-11-02
nov 02, 2023 8:45:47 A. M. com.example.examsplattaform.persistencia.ArchivoUtil guardarRegistroLog
INFORMACIÓN: inicioSesion,Inicio de sesion del usuario:pedro,2023-11-02
nov 02, 2023 8:47:29 A. M. com.example.examsplattaform.persistencia.ArchivoUtil guardarRegistroLog
INFORMACIÓN: inicioSesion,Inicio de sesion del usuario:pedro,2023-11-02
nov 02, 2023 8:49:21 A. M. com.example.examsplattaform.persistencia.ArchivoUtil guardarRegistroLog
INFORMACIÓN: inicioSesion,Inicio de sesion del usuario:pedro,2023-11-02
nov 02, 2023 1:22:58 P. M. com.example.examsplattaform.persistencia.ArchivoUtil guardarRegistroLog
INFORMACIÓN: inicioSesion,Inicio de sesion del usuario:pedro,2023-11-02
nov 02, 2023 1:25:44 P. M. com.example.examsplattaform.persistencia.ArchivoUtil guardarRegistroLog
INFORMACIÓN: inicioSesion,Inicio de sesion del usuario:pedro,2023-11-02
nov 02, 2023 1:26:45 P. M. com.example.examsplattaform.persistencia.ArchivoUtil guardarRegistroLog
INFORMACIÓN: inicioSesion,Inicio de sesion del usuario:pedro,2023-11-02
nov 02, 2023 1:27:47 P. M. com.example.examsplattaform.persistencia.ArchivoUtil guardarRegistroLog
INFORMACIÓN: inicioSesion,Inicio de sesion del usuario:pedro,2023-11-02
nov 02, 2023 1:31:10 P. M. com.example.examsplattaform.persistencia.ArchivoUtil guardarRegistroLog
INFORMACIÓN: inicioSesion,Inicio de sesion del usuario:pedro,2023-11-02
nov 02, 2023 1:32:23 P. M. com.example.examsplattaform.persistencia.ArchivoUtil guardarRegistroLog
INFORMACIÓN: inicioSesion,Inicio de sesion del usuario:pedro,2023-11-02
nov 02, 2023 6:00:42 P. M. com.example.examsplattaform.persistencia.ArchivoUtil guardarRegistroLog
INFORMACIÓN: inicioSesion,Inicio de sesion del usuario:pedro,2023-11-02
nov 02, 2023 6:02:35 P. M. com.example.examsplattaform.persistencia.ArchivoUtil guardarRegistroLog
INFORMACIÓN: inicioSesion,Inicio de sesion del usuario:pedro,2023-11-02
nov 02, 2023 6:05:16 P. M. com.example.examsplattaform.persistencia.ArchivoUtil guardarRegistroLog
INFORMACIÓN: inicioSesion,Inicio de sesion del usuario:pedro,2023-11-02
nov 02, 2023 6:08:02 P. M. com.example.examsplattaform.persistencia.ArchivoUtil guardarRegistroLog
INFORMACIÓN: inicioSesion,Inicio de sesion del usuario:pedro,2023-11-02
nov 02, 2023 6:11:54 P. M. com.example.examsplattaform.persistencia.ArchivoUtil guardarRegistroLog
INFORMACIÓN: inicioSesion,Inicio de sesion del usuario:pedro,2023-11-02
nov 02, 2023 6:13:21 P. M. com.example.examsplattaform.persistencia.ArchivoUtil guardarRegistroLog
INFORMACIÓN: inicioSesion,Inicio de sesion del usuario:pedro,2023-11-02
nov 02, 2023 6:14:06 P. M. com.example.examsplattaform.persistencia.ArchivoUtil guardarRegistroLog
INFORMACIÓN: inicioSesion,Inicio de sesion del usuario:pedro,2023-11-02
nov 02, 2023 6:16:23 P. M. com.example.examsplattaform.persistencia.ArchivoUtil guardarRegistroLog
INFORMACIÓN: inicioSesion,Inicio de sesion del usuario:pedro,2023-11-02
nov 02, 2023 6:18:40 P. M. com.example.examsplattaform.persistencia.ArchivoUtil guardarRegistroLog
INFORMACIÓN: inicioSesion,Inicio de sesion del usuario:pedro,2023-11-02
nov 02, 2023 6:20:27 P. M. com.example.examsplattaform.persistencia.ArchivoUtil guardarRegistroLog
INFORMACIÓN: inicioSesion,Inicio de sesion del usuario:pedro,2023-11-02
nov 02, 2023 6:21:58 P. M. com.example.examsplattaform.persistencia.ArchivoUtil guardarRegistroLog
INFORMACIÓN: inicioSesion,Inicio de sesion del usuario:pedro,2023-11-02
nov 02, 2023 6:22:15 P. M. com.example.examsplattaform.persistencia.ArchivoUtil guardarRegistroLog
INFORMACIÓN: inicioSesion,Inicio de sesion del usuario:pedro,2023-11-02
nov 02, 2023 6:22:39 P. M. com.example.examsplattaform.persistencia.ArchivoUtil guardarRegistroLog
INFORMACIÓN: inicioSesion,Inicio de sesion del usuario:pedro,2023-11-02
nov 02, 2023 6:25:01 P. M. com.example.examsplattaform.persistencia.ArchivoUtil guardarRegistroLog
INFORMACIÓN: inicioSesion,Inicio de sesion del usuario:pedro,2023-11-02
